<?xml version="1.0" encoding="UTF-8"?>
<!-- Generated by org.testng.reporters.JUnitReportReporter -->
<testsuite skipped="0" hostname="Pradeep" name="com.vtiger.comcast.organizationtest.CreateOrgTest" tests="6" failures="0" timestamp="02 Feb 2022 19:04:45 GMT" time="77.520" errors="0">
  <testcase name="createorgTest" time="11.941" classname="com.vtiger.comcast.organizationtest.CreateOrgTest"/>
  <testcase name="createOrgWithInduTest" time="16.593" classname="com.vtiger.comcast.organizationtest.CreateOrgTest"/>
  <testcase name="createOrgTest" time="12.153" classname="com.vtiger.comcast.organizationtest.CreateOrgTest"/>
  <testcase name="createorgTest" time="12.706" classname="com.vtiger.comcast.organizationtest.CreateOrgTest"/>
  <testcase name="createorgTest" time="12.429" classname="com.vtiger.comcast.organizationtest.CreateOrgTest"/>
  <testcase name="createorgTest" time="11.698" classname="com.vtiger.comcast.organizationtest.CreateOrgTest"/>
</testsuite> <!-- com.vtiger.comcast.organizationtest.CreateOrgTest -->
