<?xml version="1.0" encoding="UTF-8"?>
<!-- Generated by org.testng.reporters.JUnitReportReporter -->
<testsuite skipped="0" hostname="Pradeep" name="com.vtiger.comcast.contact.test.Create_contact_Test" tests="2" failures="0" timestamp="22 Jan 2022 07:31:46 GMT" time="65.125" errors="0">
  <testcase name="createContactWithOrg" time="32.220" classname="com.vtiger.comcast.contact.test.Create_contact_Test"/>
  <testcase name="createContactTest" time="32.905" classname="com.vtiger.comcast.contact.test.Create_contact_Test"/>
</testsuite> <!-- com.vtiger.comcast.contact.test.Create_contact_Test -->
