<?xml version="1.0" encoding="UTF-8"?>
<!-- Generated by org.testng.reporters.JUnitReportReporter -->
<testsuite skipped="0" hostname="Pradeep" name="com.vtiger.comcast.organizationtest.CreateOrgTest" tests="2" failures="0" timestamp="22 Jan 2022 07:18:35 GMT" time="140.235" errors="0">
  <testcase name="createOrgTest" time="126.411" classname="com.vtiger.comcast.organizationtest.CreateOrgTest"/>
  <testcase name="createOrgWithIndu" time="13.824" classname="com.vtiger.comcast.organizationtest.CreateOrgTest"/>
</testsuite> <!-- com.vtiger.comcast.organizationtest.CreateOrgTest -->
