<?xml version="1.0" encoding="UTF-8"?>
<!-- Generated by org.testng.reporters.JUnitReportReporter -->
<testsuite skipped="0" hostname="Pradeep" name="com.vtiger.comcast.organizationtest.Create_Org_Data_Test" tests="4" failures="0" timestamp="02 Feb 2022 14:54:08 GMT" time="52.713" errors="0">
  <testcase name="createorg" time="11.660" classname="com.vtiger.comcast.organizationtest.Create_Org_Data_Test"/>
  <testcase name="createorg" time="13.250" classname="com.vtiger.comcast.organizationtest.Create_Org_Data_Test"/>
  <testcase name="createorg" time="12.372" classname="com.vtiger.comcast.organizationtest.Create_Org_Data_Test"/>
  <testcase name="createorg" time="15.431" classname="com.vtiger.comcast.organizationtest.Create_Org_Data_Test"/>
</testsuite> <!-- com.vtiger.comcast.organizationtest.Create_Org_Data_Test -->
