<?xml version="1.0" encoding="UTF-8"?>
<!-- Generated by org.testng.reporters.JUnitReportReporter -->
<testsuite skipped="0" hostname="Pradeep" name="com.vtiger.comcast.organizationtest.CreateOrgTest" tests="6" failures="0" timestamp="2022-02-03T00:37:59 IST" time="82.143" errors="0">
  <testcase name="createOrgWithInduTest" time="12.907" classname="com.vtiger.comcast.organizationtest.CreateOrgTest"/>
  <system-out/>
  <testcase name="createorgTest" time="18.398" classname="com.vtiger.comcast.organizationtest.CreateOrgTest"/>
  <system-out/>
  <testcase name="createorgTest" time="13.646" classname="com.vtiger.comcast.organizationtest.CreateOrgTest"/>
  <system-out/>
  <testcase name="createOrgTest" time="12.734" classname="com.vtiger.comcast.organizationtest.CreateOrgTest"/>
  <system-out/>
  <testcase name="createorgTest" time="12.366" classname="com.vtiger.comcast.organizationtest.CreateOrgTest"/>
  <system-out/>
  <testcase name="createorgTest" time="12.092" classname="com.vtiger.comcast.organizationtest.CreateOrgTest"/>
  <system-out/>
</testsuite> <!-- com.vtiger.comcast.organizationtest.CreateOrgTest -->
