<?xml version="1.0" encoding="UTF-8"?>
<!-- Generated by org.testng.reporters.JUnitReportReporter -->
<testsuite skipped="0" hostname="Pradeep" name="com.vtiger.comcast.contact.test.Create_contact_Test" tests="1" failures="0" timestamp="2022-02-01T10:35:12 IST" time="172.349" errors="0">
  <testcase name="createContactTest" time="172.349" classname="com.vtiger.comcast.contact.test.Create_contact_Test"/>
  <system-out/>
</testsuite> <!-- com.vtiger.comcast.contact.test.Create_contact_Test -->
