<?xml version="1.0" encoding="UTF-8"?>
<!-- Generated by org.testng.reporters.JUnitReportReporter -->
<testsuite skipped="0" hostname="Pradeep" name="com.vtiger.comcast.organizationtest.CreateOrgTest" tests="1" failures="0" timestamp="2022-02-01T10:35:12 IST" time="33.344" errors="0">
  <testcase name="createOrgTest" time="33.344" classname="com.vtiger.comcast.organizationtest.CreateOrgTest"/>
  <system-out/>
</testsuite> <!-- com.vtiger.comcast.organizationtest.CreateOrgTest -->
