<?xml version="1.0" encoding="UTF-8"?>
<!-- Generated by org.testng.reporters.JUnitReportReporter -->
<testsuite skipped="0" hostname="Pradeep" name="com.vtiger.comcast.contact.test.Create_contact_Test" tests="2" failures="0" timestamp="2022-02-03T00:37:59 IST" time="40.839" errors="0">
  <testcase name="createContactWithOrgTest" time="23.511" classname="com.vtiger.comcast.contact.test.Create_contact_Test"/>
  <system-out/>
  <testcase name="createContactTest" time="17.328" classname="com.vtiger.comcast.contact.test.Create_contact_Test"/>
  <system-out/>
</testsuite> <!-- com.vtiger.comcast.contact.test.Create_contact_Test -->
